Determining if the pthread_create exist failed with the following output:
Change Dir: /home/park/catkin_ws/build/CMakeFiles/CMakeTmp

Run Build Command:"/usr/bin/make" "cmTC_1fec7/fast"
/usr/bin/make -f CMakeFiles/cmTC_1fec7.dir/build.make CMakeFiles/cmTC_1fec7.dir/build
make[1]: Entering directory '/home/park/catkin_ws/build/CMakeFiles/CMakeTmp'
Building C object CMakeFiles/cmTC_1fec7.dir/CheckSymbolExists.c.o
/usr/bin/cc     -o CMakeFiles/cmTC_1fec7.dir/CheckSymbolExists.c.o   -c /home/park/catkin_ws/build/CMakeFiles/CMakeTmp/CheckSymbolExists.c
Linking C executable cmTC_1fec7
/usr/bin/cmake -E cmake_link_script CMakeFiles/cmTC_1fec7.dir/link.txt --verbose=1
/usr/bin/cc       CMakeFiles/cmTC_1fec7.dir/CheckSymbolExists.c.o  -o cmTC_1fec7 -rdynamic 
CMakeFiles/cmTC_1fec7.dir/CheckSymbolExists.c.o: In function `main':
CheckSymbolExists.c:(.text+0x16): undefined reference to `pthread_create'
collect2: error: ld returned 1 exit status
CMakeFiles/cmTC_1fec7.dir/build.make:97: recipe for target 'cmTC_1fec7' failed
make[1]: *** [cmTC_1fec7] Error 1
make[1]: Leaving directory '/home/park/catkin_ws/build/CMakeFiles/CMakeTmp'
Makefile:126: recipe for target 'cmTC_1fec7/fast' failed
make: *** [cmTC_1fec7/fast] Error 2

File /home/park/catkin_ws/build/CMakeFiles/CMakeTmp/CheckSymbolExists.c:
/* */
#include <pthread.h>

int main(int argc, char** argv)
{
  (void)argv;
#ifndef pthread_create
  return ((int*)(&pthread_create))[argc];
#else
  (void)argc;
  return 0;
#endif
}

Determining if the function pthread_create exists in the pthreads failed with the following output:
Change Dir: /home/park/catkin_ws/build/CMakeFiles/CMakeTmp

Run Build Command:"/usr/bin/make" "cmTC_12a28/fast"
/usr/bin/make -f CMakeFiles/cmTC_12a28.dir/build.make CMakeFiles/cmTC_12a28.dir/build
make[1]: Entering directory '/home/park/catkin_ws/build/CMakeFiles/CMakeTmp'
Building C object CMakeFiles/cmTC_12a28.dir/CheckFunctionExists.c.o
/usr/bin/cc    -DCHECK_FUNCTION_EXISTS=pthread_create   -o CMakeFiles/cmTC_12a28.dir/CheckFunctionExists.c.o   -c /usr/share/cmake-3.5/Modules/CheckFunctionExists.c
Linking C executable cmTC_12a28
/usr/bin/cmake -E cmake_link_script CMakeFiles/cmTC_12a28.dir/link.txt --verbose=1
/usr/bin/cc   -DCHECK_FUNCTION_EXISTS=pthread_create    CMakeFiles/cmTC_12a28.dir/CheckFunctionExists.c.o  -o cmTC_12a28 -rdynamic -lpthreads 
/usr/bin/ld: cannot find -lpthreads
collect2: error: ld returned 1 exit status
CMakeFiles/cmTC_12a28.dir/build.make:97: recipe for target 'cmTC_12a28' failed
make[1]: *** [cmTC_12a28] Error 1
make[1]: Leaving directory '/home/park/catkin_ws/build/CMakeFiles/CMakeTmp'
Makefile:126: recipe for target 'cmTC_12a28/fast' failed
make: *** [cmTC_12a28/fast] Error 2


Determining if the Q_WS_WIN exist failed with the following output:
Change Dir: /home/park/catkin_ws/build/CMakeFiles/CMakeTmp

Run Build Command:"/usr/bin/make" "cmTC_f1b0b/fast"
/usr/bin/make -f CMakeFiles/cmTC_f1b0b.dir/build.make CMakeFiles/cmTC_f1b0b.dir/build
make[1]: Entering directory '/home/park/catkin_ws/build/CMakeFiles/CMakeTmp'
Building CXX object CMakeFiles/cmTC_f1b0b.dir/CheckSymbolExists.cxx.o
/usr/bin/c++    -I/usr/include/qt4   -o CMakeFiles/cmTC_f1b0b.dir/CheckSymbolExists.cxx.o -c /home/park/catkin_ws/build/CMakeFiles/CMakeTmp/CheckSymbolExists.cxx
/home/park/catkin_ws/build/CMakeFiles/CMakeTmp/CheckSymbolExists.cxx: In function ‘int main(int, char**)’:
/home/park/catkin_ws/build/CMakeFiles/CMakeTmp/CheckSymbolExists.cxx:8:19: error: ‘Q_WS_WIN’ was not declared in this scope
   return ((int*)(&Q_WS_WIN))[argc];
                   ^
CMakeFiles/cmTC_f1b0b.dir/build.make:65: recipe for target 'CMakeFiles/cmTC_f1b0b.dir/CheckSymbolExists.cxx.o' failed
make[1]: *** [CMakeFiles/cmTC_f1b0b.dir/CheckSymbolExists.cxx.o] Error 1
make[1]: Leaving directory '/home/park/catkin_ws/build/CMakeFiles/CMakeTmp'
Makefile:126: recipe for target 'cmTC_f1b0b/fast' failed
make: *** [cmTC_f1b0b/fast] Error 2

File /home/park/catkin_ws/build/CMakeFiles/CMakeTmp/CheckSymbolExists.cxx:
/* */
#include <QtCore/qglobal.h>

int main(int argc, char** argv)
{
  (void)argv;
#ifndef Q_WS_WIN
  return ((int*)(&Q_WS_WIN))[argc];
#else
  (void)argc;
  return 0;
#endif
}

Determining if the Q_WS_QWS exist failed with the following output:
Change Dir: /home/park/catkin_ws/build/CMakeFiles/CMakeTmp

Run Build Command:"/usr/bin/make" "cmTC_f9c64/fast"
/usr/bin/make -f CMakeFiles/cmTC_f9c64.dir/build.make CMakeFiles/cmTC_f9c64.dir/build
make[1]: Entering directory '/home/park/catkin_ws/build/CMakeFiles/CMakeTmp'
Building CXX object CMakeFiles/cmTC_f9c64.dir/CheckSymbolExists.cxx.o
/usr/bin/c++    -I/usr/include/qt4   -o CMakeFiles/cmTC_f9c64.dir/CheckSymbolExists.cxx.o -c /home/park/catkin_ws/build/CMakeFiles/CMakeTmp/CheckSymbolExists.cxx
/home/park/catkin_ws/build/CMakeFiles/CMakeTmp/CheckSymbolExists.cxx: In function ‘int main(int, char**)’:
/home/park/catkin_ws/build/CMakeFiles/CMakeTmp/CheckSymbolExists.cxx:8:19: error: ‘Q_WS_QWS’ was not declared in this scope
   return ((int*)(&Q_WS_QWS))[argc];
                   ^
CMakeFiles/cmTC_f9c64.dir/build.make:65: recipe for target 'CMakeFiles/cmTC_f9c64.dir/CheckSymbolExists.cxx.o' failed
make[1]: *** [CMakeFiles/cmTC_f9c64.dir/CheckSymbolExists.cxx.o] Error 1
make[1]: Leaving directory '/home/park/catkin_ws/build/CMakeFiles/CMakeTmp'
Makefile:126: recipe for target 'cmTC_f9c64/fast' failed
make: *** [cmTC_f9c64/fast] Error 2

File /home/park/catkin_ws/build/CMakeFiles/CMakeTmp/CheckSymbolExists.cxx:
/* */
#include <QtCore/qglobal.h>

int main(int argc, char** argv)
{
  (void)argv;
#ifndef Q_WS_QWS
  return ((int*)(&Q_WS_QWS))[argc];
#else
  (void)argc;
  return 0;
#endif
}

Determining if the Q_WS_MAC exist failed with the following output:
Change Dir: /home/park/catkin_ws/build/CMakeFiles/CMakeTmp

Run Build Command:"/usr/bin/make" "cmTC_b50a9/fast"
/usr/bin/make -f CMakeFiles/cmTC_b50a9.dir/build.make CMakeFiles/cmTC_b50a9.dir/build
make[1]: Entering directory '/home/park/catkin_ws/build/CMakeFiles/CMakeTmp'
Building CXX object CMakeFiles/cmTC_b50a9.dir/CheckSymbolExists.cxx.o
/usr/bin/c++    -I/usr/include/qt4   -o CMakeFiles/cmTC_b50a9.dir/CheckSymbolExists.cxx.o -c /home/park/catkin_ws/build/CMakeFiles/CMakeTmp/CheckSymbolExists.cxx
/home/park/catkin_ws/build/CMakeFiles/CMakeTmp/CheckSymbolExists.cxx: In function ‘int main(int, char**)’:
/home/park/catkin_ws/build/CMakeFiles/CMakeTmp/CheckSymbolExists.cxx:8:19: error: ‘Q_WS_MAC’ was not declared in this scope
   return ((int*)(&Q_WS_MAC))[argc];
                   ^
CMakeFiles/cmTC_b50a9.dir/build.make:65: recipe for target 'CMakeFiles/cmTC_b50a9.dir/CheckSymbolExists.cxx.o' failed
make[1]: *** [CMakeFiles/cmTC_b50a9.dir/CheckSymbolExists.cxx.o] Error 1
make[1]: Leaving directory '/home/park/catkin_ws/build/CMakeFiles/CMakeTmp'
Makefile:126: recipe for target 'cmTC_b50a9/fast' failed
make: *** [cmTC_b50a9/fast] Error 2

File /home/park/catkin_ws/build/CMakeFiles/CMakeTmp/CheckSymbolExists.cxx:
/* */
#include <QtCore/qglobal.h>

int main(int argc, char** argv)
{
  (void)argv;
#ifndef Q_WS_MAC
  return ((int*)(&Q_WS_MAC))[argc];
#else
  (void)argc;
  return 0;
#endif
}

Determining if the include file pgm.h exists failed with the following output:
Change Dir: /home/park/catkin_ws/build/CMakeFiles/CMakeTmp

Run Build Command:"/usr/bin/make" "cmTC_e7985/fast"
/usr/bin/make -f CMakeFiles/cmTC_e7985.dir/build.make CMakeFiles/cmTC_e7985.dir/build
make[1]: Entering directory '/home/park/catkin_ws/build/CMakeFiles/CMakeTmp'
Building CXX object CMakeFiles/cmTC_e7985.dir/CheckIncludeFile.cxx.o
/usr/bin/c++      -o CMakeFiles/cmTC_e7985.dir/CheckIncludeFile.cxx.o -c /home/park/catkin_ws/build/CMakeFiles/CMakeTmp/CheckIncludeFile.cxx
/home/park/catkin_ws/build/CMakeFiles/CMakeTmp/CheckIncludeFile.cxx:1:17: fatal error: pgm.h: No such file or directory
compilation terminated.
CMakeFiles/cmTC_e7985.dir/build.make:65: recipe for target 'CMakeFiles/cmTC_e7985.dir/CheckIncludeFile.cxx.o' failed
make[1]: *** [CMakeFiles/cmTC_e7985.dir/CheckIncludeFile.cxx.o] Error 1
make[1]: Leaving directory '/home/park/catkin_ws/build/CMakeFiles/CMakeTmp'
Makefile:126: recipe for target 'cmTC_e7985/fast' failed
make: *** [cmTC_e7985/fast] Error 2


